Base path: /Applications/Unity/Unity.app/Contents
Pipe name: \\.\pipe\UnityShaderCompiler-64bit-1-2085478400
Cmd: getPlatforms
Cmd: preprocess
  insize=893 outsize=435 ok=1
Cmd: compileSnippet
  api=0 type=0 insize=759 outsize=428 kw= ok=1
Cmd: compileSnippet
  api=0 type=1 insize=759 outsize=6 kw= ok=1
Cmd: compileSnippet
  api=0 type=0 insize=763 outsize=460 kw= ok=1
Cmd: compileSnippet
  api=0 type=1 insize=763 outsize=6 kw= ok=1
Cmd: preprocess
  insize=837 outsize=431 ok=1
Cmd: compileSnippet
  api=0 type=0 insize=707 outsize=309 kw= ok=1
Cmd: compileSnippet
  api=0 type=1 insize=707 outsize=6 kw= ok=1
Cmd: compileSnippet
  api=0 type=0 insize=711 outsize=365 kw= ok=1
Cmd: compileSnippet
  api=0 type=1 insize=711 outsize=6 kw= ok=1
Cmd: preprocess
  insize=441 outsize=261 ok=1
Cmd: compileSnippet
  api=0 type=0 insize=482 outsize=174 kw= ok=1
Cmd: compileSnippet
  api=0 type=1 insize=482 outsize=6 kw= ok=1
Cmd: preprocess
  insize=207 outsize=204 ok=1
Cmd: preprocess
  insize=5342 outsize=5339 ok=1
Cmd: preprocess
  insize=912 outsize=507 ok=1
Cmd: compileSnippet
  api=0 type=0 insize=704 outsize=309 kw= ok=1
Cmd: compileSnippet
  api=0 type=1 insize=704 outsize=6 kw= ok=1
Cmd: compileSnippet
  api=0 type=0 insize=711 outsize=341 kw= ok=1
Cmd: compileSnippet
  api=0 type=1 insize=711 outsize=6 kw= ok=1
Cmd: preprocess
  error: 1 plat 16 at (0): texcoord2 missing from surface shader's vertex input struct (appdata), disabled dynamic GI and meta pass generation
  insize=1652 outsize=2112 ok=1
Cmd: compileSnippet
  api=0 type=0 insize=9591 outsize=6498 kw=UNITY_COLORSPACE_GAMMA ok=1
Cmd: compileSnippet
  api=0 type=1 insize=9591 outsize=6 kw=UNITY_COLORSPACE_GAMMA ok=1
